<?xml version="1.0" encoding="UTF-8"?>
<testsuites>
  <testsuite name="midorikocak Test Suite" tests="6" assertions="8" errors="0" warnings="0" failures="0" skipped="0" time="0.434874">
    <testsuite name="midorikocak\nanoauth\AuthenticationTest" file="/Users/midorikocak/Documents/src/nano-auth/tests/AuthenticationTest.php" tests="4" assertions="5" errors="0" warnings="0" failures="0" skipped="0" time="0.339535">
      <testcase name="testLogin" class="midorikocak\nanoauth\AuthenticationTest" classname="midorikocak.nanoauth.AuthenticationTest" file="/Users/midorikocak/Documents/src/nano-auth/tests/AuthenticationTest.php" line="69" assertions="1" time="0.102109"/>
      <testcase name="testLogout" class="midorikocak\nanoauth\AuthenticationTest" classname="midorikocak.nanoauth.AuthenticationTest" file="/Users/midorikocak/Documents/src/nano-auth/tests/AuthenticationTest.php" line="75" assertions="1" time="0.001511"/>
      <testcase name="testGetLoggedUser" class="midorikocak\nanoauth\AuthenticationTest" classname="midorikocak.nanoauth.AuthenticationTest" file="/Users/midorikocak/Documents/src/nano-auth/tests/AuthenticationTest.php" line="81" assertions="1" time="0.100446"/>
      <testcase name="testRegister" class="midorikocak\nanoauth\AuthenticationTest" classname="midorikocak.nanoauth.AuthenticationTest" file="/Users/midorikocak/Documents/src/nano-auth/tests/AuthenticationTest.php" line="87" assertions="2" time="0.135469"/>
    </testsuite>
    <testsuite name="midorikocak\nanoauth\AuthorizationTest" file="/Users/midorikocak/Documents/src/nano-auth/tests/AuthorizationTest.php" tests="2" assertions="3" errors="0" warnings="0" failures="0" skipped="0" time="0.095339">
      <testcase name="testAuthSuccess" class="midorikocak\nanoauth\AuthorizationTest" classname="midorikocak.nanoauth.AuthorizationTest" file="/Users/midorikocak/Documents/src/nano-auth/tests/AuthorizationTest.php" line="100" assertions="2" time="0.092926"/>
      <testcase name="testAuthFail" class="midorikocak\nanoauth\AuthorizationTest" classname="midorikocak.nanoauth.AuthorizationTest" file="/Users/midorikocak/Documents/src/nano-auth/tests/AuthorizationTest.php" line="110" assertions="1" time="0.002413"/>
    </testsuite>
  </testsuite>
</testsuites>
